Syntax of original query:	PREFIX rdf: <http://www.w3.org/1999/02/22-rdf-syntax-ns#> PREFIX ub: <http://swat.cse.lehigh.edu/onto/univ-bench.owl#> SELECT ?X WHERE{?X rdf:type ub:Student . ?X ub:takesCourse <http://www.Department0.University0.edu/GraduateCourse16>}
Syntax of SQL:	 (SELECT c0.s FROM cs_2 AS c0  WHERE c0.p_0 = null AND 105 = ANY(c0.p_14))  UNION  (SELECT c0.s FROM cs_3 AS c0  WHERE c0.p_0 = null AND 105 = ANY(c0.p_14))  UNION  (SELECT c0.s FROM cs_5 AS c0  WHERE c0.p_0 = null AND 105 = ANY(c0.p_14))  UNION  (SELECT c0.s FROM cs_6 AS c0  WHERE c0.p_0 = null AND 105 = ANY(c0.p_14)) 
Start Q1 execution plan
HashAggregate  (cost=0.03..0.07 rows=4 width=4) (actual time=0.006..0.006 rows=0 loops=1)
  Group Key: c0_4.s
  ->  Append  (cost=0.00..0.02 rows=4 width=4) (actual time=0.005..0.005 rows=0 loops=1)
        ->  Result  (cost=0.00..0.00 rows=0 width=0) (actual time=0.004..0.004 rows=0 loops=1)
              One-Time Filter: false
        ->  Result  (cost=0.00..0.00 rows=0 width=0) (actual time=0.000..0.000 rows=0 loops=1)
              One-Time Filter: false
        ->  Result  (cost=0.00..0.00 rows=0 width=0) (actual time=0.000..0.000 rows=0 loops=1)
              One-Time Filter: false
        ->  Result  (cost=0.00..0.00 rows=0 width=0) (actual time=0.000..0.000 rows=0 loops=1)
              One-Time Filter: false
Planning Time: 8.326 ms
Execution Time: 0.106 ms

Q1SPARQL:	PREFIX rdf: <http://www.w3.org/1999/02/22-rdf-syntax-ns#> PREFIX ub: <http://swat.cse.lehigh.edu/onto/univ-bench.owl#> SELECT ?X WHERE{?X rdf:type ub:Student . ?X ub:takesCourse <http://www.Department0.University0.edu/GraduateCourse16>}
Q1:	PlanTime	8.326ms	ExecTime	0.106ms	TotalTime	8.432ms



Syntax of original query:	PREFIX rdf: <http://www.w3.org/1999/02/22-rdf-syntax-ns#> PREFIX ub: <http://swat.cse.lehigh.edu/onto/univ-bench.owl#> SELECT DISTINCT ?X ?Y ?Z WHERE {?X rdf:type ub:GraduateStudent .?Y rdf:type ub:University . ?Z rdf:type ub:Department .?X ub:memberOf ?Z . ?Z ub:subOrganizationOf ?Y .?X ub:undergraduateDegreeFrom ?Y}
Syntax of SQL:	 SELECT c0.s, c1.s, c2.s FROM cs_2 AS c1  INNER JOIN cs_4 AS c0 ON c0.s = ANY(c1.p_13)  INNER JOIN cs_0 AS c2 ON c0.p_3 = c2.s AND c2.s = ANY(c1.p_5)  WHERE 7 = ANY(c0.p_0) AND c0.p_3 IS NOT NULL  AND 1996 = ANY(c1.p_0)     AND 4 = ANY(c2.p_0) UNION  SELECT c0.s, c1.s, c2.s FROM cs_2 AS c1  INNER JOIN cs_4 AS c0 ON c0.s = ANY(c1.p_13)  INNER JOIN cs_1 AS c2 ON c0.p_3 = c2.s AND c2.s = ANY(c1.p_5)  WHERE 7 = ANY(c0.p_0) AND c0.p_3 IS NOT NULL  AND 1996 = ANY(c1.p_0)     AND 4 = ANY(c2.p_0) UNION  SELECT c0.s, c1.s, c2.s FROM cs_2 AS c1  INNER JOIN cs_4 AS c0 ON c0.s = ANY(c1.p_13)  INNER JOIN cs_2 AS c2 ON c0.p_3 = c2.s AND c2.s = ANY(c1.p_5)  WHERE 7 = ANY(c0.p_0) AND c0.p_3 IS NOT NULL  AND 1996 = ANY(c1.p_0)     AND 4 = ANY(c2.p_0) UNION  SELECT c0.s, c1.s, c2.s FROM cs_2 AS c1  INNER JOIN cs_4 AS c0 ON c0.s = ANY(c1.p_13)  INNER JOIN cs_3 AS c2 ON c0.p_3 = c2.s AND c2.s = ANY(c1.p_5)  WHERE 7 = ANY(c0.p_0) AND c0.p_3 IS NOT NULL  AND 1996 = ANY(c1.p_0)     AND 4 = ANY(c2.p_0) UNION  SELECT c0.s, c1.s, c2.s FROM cs_2 AS c1  INNER JOIN cs_4 AS c0 ON c0.s = ANY(c1.p_13)  INNER JOIN cs_4 AS c2 ON c0.p_3 = c2.s AND c2.s = ANY(c1.p_5)  WHERE 7 = ANY(c0.p_0) AND c0.p_3 IS NOT NULL  AND 1996 = ANY(c1.p_0)     AND 4 = ANY(c2.p_0) UNION  SELECT c0.s, c1.s, c2.s FROM cs_2 AS c1  INNER JOIN cs_4 AS c0 ON c0.s = ANY(c1.p_13)  INNER JOIN cs_5 AS c2 ON c0.p_3 = c2.s AND c2.s = ANY(c1.p_5)  WHERE 7 = ANY(c0.p_0) AND c0.p_3 IS NOT NULL  AND 1996 = ANY(c1.p_0)     AND 4 = ANY(c2.p_0) UNION  SELECT c0.s, c1.s, c2.s FROM cs_2 AS c1  INNER JOIN cs_4 AS c0 ON c0.s = ANY(c1.p_13)  INNER JOIN cs_6 AS c2 ON c0.p_3 = c2.s AND c2.s = ANY(c1.p_5)  WHERE 7 = ANY(c0.p_0) AND c0.p_3 IS NOT NULL  AND 1996 = ANY(c1.p_0)     AND 4 = ANY(c2.p_0) UNION  SELECT c0.s, c1.s, c2.s FROM cs_2 AS c1  INNER JOIN cs_4 AS c0 ON c0.s = ANY(c1.p_13)  INNER JOIN cs_7 AS c2 ON c0.p_3 = c2.s AND c2.s = ANY(c1.p_5)  WHERE 7 = ANY(c0.p_0) AND c0.p_3 IS NOT NULL  AND 1996 = ANY(c1.p_0)     AND 4 = ANY(c2.p_0) UNION  SELECT c0.s, c1.s, c2.s FROM cs_5 AS c1  INNER JOIN cs_4 AS c0 ON c0.s = ANY(c1.p_13)  INNER JOIN cs_0 AS c2 ON c0.p_3 = c2.s AND c2.s = ANY(c1.p_5)  WHERE 7 = ANY(c0.p_0) AND c0.p_3 IS NOT NULL  AND 1996 = ANY(c1.p_0)     AND 4 = ANY(c2.p_0) UNION  SELECT c0.s, c1.s, c2.s FROM cs_5 AS c1  INNER JOIN cs_4 AS c0 ON c0.s = ANY(c1.p_13)  INNER JOIN cs_1 AS c2 ON c0.p_3 = c2.s AND c2.s = ANY(c1.p_5)  WHERE 7 = ANY(c0.p_0) AND c0.p_3 IS NOT NULL  AND 1996 = ANY(c1.p_0)     AND 4 = ANY(c2.p_0) UNION  SELECT c0.s, c1.s, c2.s FROM cs_5 AS c1  INNER JOIN cs_4 AS c0 ON c0.s = ANY(c1.p_13)  INNER JOIN cs_2 AS c2 ON c0.p_3 = c2.s AND c2.s = ANY(c1.p_5)  WHERE 7 = ANY(c0.p_0) AND c0.p_3 IS NOT NULL  AND 1996 = ANY(c1.p_0)     AND 4 = ANY(c2.p_0) UNION  SELECT c0.s, c1.s, c2.s FROM cs_5 AS c1  INNER JOIN cs_4 AS c0 ON c0.s = ANY(c1.p_13)  INNER JOIN cs_3 AS c2 ON c0.p_3 = c2.s AND c2.s = ANY(c1.p_5)  WHERE 7 = ANY(c0.p_0) AND c0.p_3 IS NOT NULL  AND 1996 = ANY(c1.p_0)     AND 4 = ANY(c2.p_0) UNION  SELECT c0.s, c1.s, c2.s FROM cs_5 AS c1  INNER JOIN cs_4 AS c0 ON c0.s = ANY(c1.p_13)  INNER JOIN cs_4 AS c2 ON c0.p_3 = c2.s AND c2.s = ANY(c1.p_5)  WHERE 7 = ANY(c0.p_0) AND c0.p_3 IS NOT NULL  AND 1996 = ANY(c1.p_0)     AND 4 = ANY(c2.p_0) UNION  SELECT c0.s, c1.s, c2.s FROM cs_5 AS c1  INNER JOIN cs_4 AS c0 ON c0.s = ANY(c1.p_13)  INNER JOIN cs_5 AS c2 ON c0.p_3 = c2.s AND c2.s = ANY(c1.p_5)  WHERE 7 = ANY(c0.p_0) AND c0.p_3 IS NOT NULL  AND 1996 = ANY(c1.p_0)     AND 4 = ANY(c2.p_0) UNION  SELECT c0.s, c1.s, c2.s FROM cs_5 AS c1  INNER JOIN cs_4 AS c0 ON c0.s = ANY(c1.p_13)  INNER JOIN cs_6 AS c2 ON c0.p_3 = c2.s AND c2.s = ANY(c1.p_5)  WHERE 7 = ANY(c0.p_0) AND c0.p_3 IS NOT NULL  AND 1996 = ANY(c1.p_0)     AND 4 = ANY(c2.p_0) UNION  SELECT c0.s, c1.s, c2.s FROM cs_5 AS c1  INNER JOIN cs_4 AS c0 ON c0.s = ANY(c1.p_13)  INNER JOIN cs_7 AS c2 ON c0.p_3 = c2.s AND c2.s = ANY(c1.p_5)  WHERE 7 = ANY(c0.p_0) AND c0.p_3 IS NOT NULL  AND 1996 = ANY(c1.p_0)     AND 4 = ANY(c2.p_0) UNION  SELECT c0.s, c1.s, c2.s FROM cs_2 AS c1  INNER JOIN cs_7 AS c0 ON c0.s = ANY(c1.p_13)  INNER JOIN cs_0 AS c2 ON c2.s = ANY(c0.p_3) AND c2.s = ANY(c1.p_5)  WHERE 7 = ANY(c0.p_0)   AND 1996 = ANY(c1.p_0)     AND 4 = ANY(c2.p_0) UNION  SELECT c0.s, c1.s, c2.s FROM cs_2 AS c1  INNER JOIN cs_7 AS c0 ON c0.s = ANY(c1.p_13)  INNER JOIN cs_1 AS c2 ON c2.s = ANY(c0.p_3) AND c2.s = ANY(c1.p_5)  WHERE 7 = ANY(c0.p_0)   AND 1996 = ANY(c1.p_0)     AND 4 = ANY(c2.p_0) UNION  SELECT c0.s, c1.s, c2.s FROM cs_2 AS c1  INNER JOIN cs_7 AS c0 ON c0.s = ANY(c1.p_13)  INNER JOIN cs_2 AS c2 ON c2.s = ANY(c0.p_3) AND c2.s = ANY(c1.p_5)  WHERE 7 = ANY(c0.p_0)   AND 1996 = ANY(c1.p_0)     AND 4 = ANY(c2.p_0) UNION  SELECT c0.s, c1.s, c2.s FROM cs_2 AS c1  INNER JOIN cs_7 AS c0 ON c0.s = ANY(c1.p_13)  INNER JOIN cs_3 AS c2 ON c2.s = ANY(c0.p_3) AND c2.s = ANY(c1.p_5)  WHERE 7 = ANY(c0.p_0)   AND 1996 = ANY(c1.p_0)     AND 4 = ANY(c2.p_0) UNION  SELECT c0.s, c1.s, c2.s FROM cs_2 AS c1  INNER JOIN cs_7 AS c0 ON c0.s = ANY(c1.p_13)  INNER JOIN cs_4 AS c2 ON c2.s = ANY(c0.p_3) AND c2.s = ANY(c1.p_5)  WHERE 7 = ANY(c0.p_0)   AND 1996 = ANY(c1.p_0)     AND 4 = ANY(c2.p_0) UNION  SELECT c0.s, c1.s, c2.s FROM cs_2 AS c1  INNER JOIN cs_7 AS c0 ON c0.s = ANY(c1.p_13)  INNER JOIN cs_5 AS c2 ON c2.s = ANY(c0.p_3) AND c2.s = ANY(c1.p_5)  WHERE 7 = ANY(c0.p_0)   AND 1996 = ANY(c1.p_0)     AND 4 = ANY(c2.p_0) UNION  SELECT c0.s, c1.s, c2.s FROM cs_2 AS c1  INNER JOIN cs_7 AS c0 ON c0.s = ANY(c1.p_13)  INNER JOIN cs_6 AS c2 ON c2.s = ANY(c0.p_3) AND c2.s = ANY(c1.p_5)  WHERE 7 = ANY(c0.p_0)   AND 1996 = ANY(c1.p_0)     AND 4 = ANY(c2.p_0) UNION  SELECT c0.s, c1.s, c2.s FROM cs_2 AS c1  INNER JOIN cs_7 AS c0 ON c0.s = ANY(c1.p_13)  INNER JOIN cs_7 AS c2 ON c2.s = ANY(c0.p_3) AND c2.s = ANY(c1.p_5)  WHERE 7 = ANY(c0.p_0)   AND 1996 = ANY(c1.p_0)     AND 4 = ANY(c2.p_0) UNION  SELECT c0.s, c1.s, c2.s FROM cs_5 AS c1  INNER JOIN cs_7 AS c0 ON c0.s = ANY(c1.p_13)  INNER JOIN cs_0 AS c2 ON c2.s = ANY(c0.p_3) AND c2.s = ANY(c1.p_5)  WHERE 7 = ANY(c0.p_0)   AND 1996 = ANY(c1.p_0)     AND 4 = ANY(c2.p_0) UNION  SELECT c0.s, c1.s, c2.s FROM cs_5 AS c1  INNER JOIN cs_7 AS c0 ON c0.s = ANY(c1.p_13)  INNER JOIN cs_1 AS c2 ON c2.s = ANY(c0.p_3) AND c2.s = ANY(c1.p_5)  WHERE 7 = ANY(c0.p_0)   AND 1996 = ANY(c1.p_0)     AND 4 = ANY(c2.p_0) UNION  SELECT c0.s, c1.s, c2.s FROM cs_5 AS c1  INNER JOIN cs_7 AS c0 ON c0.s = ANY(c1.p_13)  INNER JOIN cs_2 AS c2 ON c2.s = ANY(c0.p_3) AND c2.s = ANY(c1.p_5)  WHERE 7 = ANY(c0.p_0)   AND 1996 = ANY(c1.p_0)     AND 4 = ANY(c2.p_0) UNION  SELECT c0.s, c1.s, c2.s FROM cs_5 AS c1  INNER JOIN cs_7 AS c0 ON c0.s = ANY(c1.p_13)  INNER JOIN cs_3 AS c2 ON c2.s = ANY(c0.p_3) AND c2.s = ANY(c1.p_5)  WHERE 7 = ANY(c0.p_0)   AND 1996 = ANY(c1.p_0)     AND 4 = ANY(c2.p_0) UNION  SELECT c0.s, c1.s, c2.s FROM cs_5 AS c1  INNER JOIN cs_7 AS c0 ON c0.s = ANY(c1.p_13)  INNER JOIN cs_4 AS c2 ON c2.s = ANY(c0.p_3) AND c2.s = ANY(c1.p_5)  WHERE 7 = ANY(c0.p_0)   AND 1996 = ANY(c1.p_0)     AND 4 = ANY(c2.p_0) UNION  SELECT c0.s, c1.s, c2.s FROM cs_5 AS c1  INNER JOIN cs_7 AS c0 ON c0.s = ANY(c1.p_13)  INNER JOIN cs_5 AS c2 ON c2.s = ANY(c0.p_3) AND c2.s = ANY(c1.p_5)  WHERE 7 = ANY(c0.p_0)   AND 1996 = ANY(c1.p_0)     AND 4 = ANY(c2.p_0) UNION  SELECT c0.s, c1.s, c2.s FROM cs_5 AS c1  INNER JOIN cs_7 AS c0 ON c0.s = ANY(c1.p_13)  INNER JOIN cs_6 AS c2 ON c2.s = ANY(c0.p_3) AND c2.s = ANY(c1.p_5)  WHERE 7 = ANY(c0.p_0)   AND 1996 = ANY(c1.p_0)     AND 4 = ANY(c2.p_0) UNION  SELECT c0.s, c1.s, c2.s FROM cs_5 AS c1  INNER JOIN cs_7 AS c0 ON c0.s = ANY(c1.p_13)  INNER JOIN cs_7 AS c2 ON c2.s = ANY(c0.p_3) AND c2.s = ANY(c1.p_5)  WHERE 7 = ANY(c0.p_0)   AND 1996 = ANY(c1.p_0)     AND 4 = ANY(c2.p_0)
Start Q2 execution plan
HashAggregate  (cost=5666.43..5666.75 rows=32 width=12) (actual time=69.055..69.055 rows=0 loops=1)
  Group Key: c0.s, c1.s, c2.s
  ->  Append  (cost=0.28..5666.19 rows=32 width=12) (actual time=69.054..69.054 rows=0 loops=1)
        ->  Nested Loop  (cost=0.28..175.88 rows=1 width=12) (actual time=0.199..0.199 rows=0 loops=1)
              Join Filter: ((c0.s = ANY (c1.p_13)) AND (c2.s = ANY (c1.p_5)))
              ->  Nested Loop  (cost=0.28..47.53 rows=1 width=8) (actual time=0.199..0.199 rows=0 loops=1)
                    ->  Seq Scan on cs_4 c0  (cost=0.00..39.21 rows=1 width=8) (actual time=0.198..0.198 rows=0 loops=1)
                          Filter: ((p_3 IS NOT NULL) AND (7 = ANY (p_0)))
                          Rows Removed by Filter: 765
                    ->  Index Scan using cs_0_s on cs_0 c2  (cost=0.28..8.31 rows=1 width=4) (never executed)
                          Index Cond: (s = c0.p_3)
                          Filter: (4 = ANY (p_0))
              ->  Seq Scan on cs_2 c1  (cost=0.00..77.01 rows=1467 width=54) (never executed)
                    Filter: (1996 = ANY (p_0))
        ->  Hash Join  (cost=149.47..369.25 rows=1 width=12) (actual time=1.040..1.040 rows=0 loops=1)
              Hash Cond: (c2_1.s = c0_1.p_3)
              Join Filter: (c2_1.s = ANY (c1_1.p_5))
              ->  Seq Scan on cs_1 c2_1  (cost=0.00..218.98 rows=30 width=4) (actual time=1.038..1.038 rows=0 loops=1)
                    Filter: (4 = ANY (p_0))
                    Rows Removed by Filter: 5999
              ->  Hash  (cost=149.23..149.23 rows=19 width=37) (never executed)
                    ->  Nested Loop  (cost=0.00..149.23 rows=19 width=37) (never executed)
                          Join Filter: (c0_1.s = ANY (c1_1.p_13))
                          ->  Seq Scan on cs_4 c0_1  (cost=0.00..39.21 rows=1 width=8) (never executed)
                                Filter: ((p_3 IS NOT NULL) AND (7 = ANY (p_0)))
                          ->  Seq Scan on cs_2 c1_1  (cost=0.00..77.01 rows=1467 width=54) (never executed)
                                Filter: (1996 = ANY (p_0))
        ->  Nested Loop  (cost=0.28..175.88 rows=1 width=12) (actual time=0.093..0.093 rows=0 loops=1)
              Join Filter: ((c0_2.s = ANY (c1_2.p_13)) AND (c2_2.s = ANY (c1_2.p_5)))
              ->  Nested Loop  (cost=0.28..47.53 rows=1 width=8) (actual time=0.093..0.093 rows=0 loops=1)
                    ->  Seq Scan on cs_4 c0_2  (cost=0.00..39.21 rows=1 width=8) (actual time=0.092..0.092 rows=0 loops=1)
                          Filter: ((p_3 IS NOT NULL) AND (7 = ANY (p_0)))
                          Rows Removed by Filter: 765
                    ->  Index Scan using cs_2_s on cs_2 c2_2  (cost=0.28..8.31 rows=1 width=4) (never executed)
                          Index Cond: (s = c0_2.p_3)
                          Filter: (4 = ANY (p_0))
              ->  Seq Scan on cs_2 c1_2  (cost=0.00..77.01 rows=1467 width=54) (never executed)
                    Filter: (1996 = ANY (p_0))
        ->  Hash Join  (cost=61.68..211.00 rows=1 width=12) (actual time=0.082..0.082 rows=0 loops=1)
              Hash Cond: (c0_3.p_3 = c2_3.s)
              Join Filter: (c2_3.s = ANY (c1_3.p_5))
              ->  Nested Loop  (cost=0.00..149.23 rows=19 width=37) (actual time=0.082..0.082 rows=0 loops=1)
                    Join Filter: (c0_3.s = ANY (c1_3.p_13))
                    ->  Seq Scan on cs_4 c0_3  (cost=0.00..39.21 rows=1 width=8) (actual time=0.082..0.082 rows=0 loops=1)
                          Filter: ((p_3 IS NOT NULL) AND (7 = ANY (p_0)))
                          Rows Removed by Filter: 765
                    ->  Seq Scan on cs_2 c1_3  (cost=0.00..77.01 rows=1467 width=54) (never executed)
                          Filter: (1996 = ANY (p_0))
              ->  Hash  (cost=61.61..61.61 rows=6 width=4) (never executed)
                    ->  Seq Scan on cs_3 c2_3  (cost=0.00..61.61 rows=6 width=4) (never executed)
                          Filter: (4 = ANY (p_0))
        ->  Nested Loop  (cost=0.28..175.88 rows=1 width=12) (actual time=0.079..0.079 rows=0 loops=1)
              Join Filter: ((c0_4.s = ANY (c1_4.p_13)) AND (c2_4.s = ANY (c1_4.p_5)))
              ->  Nested Loop  (cost=0.28..47.53 rows=1 width=8) (actual time=0.079..0.079 rows=0 loops=1)
                    ->  Seq Scan on cs_4 c0_4  (cost=0.00..39.21 rows=1 width=8) (actual time=0.079..0.079 rows=0 loops=1)
                          Filter: ((p_3 IS NOT NULL) AND (7 = ANY (p_0)))
                          Rows Removed by Filter: 765
                    ->  Index Scan using cs_4_s on cs_4 c2_4  (cost=0.28..8.31 rows=1 width=4) (never executed)
                          Index Cond: (s = c0_4.p_3)
                          Filter: (4 = ANY (p_0))
              ->  Seq Scan on cs_2 c1_4  (cost=0.00..77.01 rows=1467 width=54) (never executed)
                    Filter: (1996 = ANY (p_0))
        ->  Nested Loop  (cost=0.00..173.43 rows=1 width=12) (actual time=0.081..0.081 rows=0 loops=1)
              Join Filter: ((c0_5.p_3 = c2_5.s) AND (c2_5.s = ANY (c1_5.p_5)))
              ->  Nested Loop  (cost=0.00..149.23 rows=19 width=37) (actual time=0.080..0.080 rows=0 loops=1)
                    Join Filter: (c0_5.s = ANY (c1_5.p_13))
                    ->  Seq Scan on cs_4 c0_5  (cost=0.00..39.21 rows=1 width=8) (actual time=0.079..0.079 rows=0 loops=1)
                          Filter: ((p_3 IS NOT NULL) AND (7 = ANY (p_0)))
                          Rows Removed by Filter: 765
                    ->  Seq Scan on cs_2 c1_5  (cost=0.00..77.01 rows=1467 width=54) (never executed)
                          Filter: (1996 = ANY (p_0))
              ->  Materialize  (cost=0.00..23.17 rows=2 width=4) (never executed)
                    ->  Seq Scan on cs_5 c2_5  (cost=0.00..23.16 rows=2 width=4) (never executed)
                          Filter: (4 = ANY (p_0))
        ->  Hash Join  (cost=149.47..367.59 rows=1 width=12) (actual time=1.011..1.011 rows=0 loops=1)
              Hash Cond: (c2_6.s = c0_6.p_3)
              Join Filter: (c2_6.s = ANY (c1_6.p_5))
              ->  Seq Scan on cs_6 c2_6  (cost=0.00..217.50 rows=23 width=4) (actual time=1.010..1.010 rows=0 loops=1)
                    Filter: (4 = ANY (p_0))
                    Rows Removed by Filter: 4689
              ->  Hash  (cost=149.23..149.23 rows=19 width=37) (never executed)
                    ->  Nested Loop  (cost=0.00..149.23 rows=19 width=37) (never executed)
                          Join Filter: (c0_6.s = ANY (c1_6.p_13))
                          ->  Seq Scan on cs_4 c0_6  (cost=0.00..39.21 rows=1 width=8) (never executed)
                                Filter: ((p_3 IS NOT NULL) AND (7 = ANY (p_0)))
                          ->  Seq Scan on cs_2 c1_6  (cost=0.00..77.01 rows=1467 width=54) (never executed)
                                Filter: (1996 = ANY (p_0))
        ->  Nested Loop  (cost=0.00..151.04 rows=1 width=12) (actual time=0.013..0.013 rows=0 loops=1)
              Join Filter: ((c0_7.p_3 = c2_7.s) AND (c2_7.s = ANY (c1_7.p_5)))
              ->  Seq Scan on cs_7 c2_7  (cost=0.00..1.34 rows=1 width=4) (actual time=0.013..0.013 rows=0 loops=1)
                    Filter: (4 = ANY (p_0))
                    Rows Removed by Filter: 15
              ->  Nested Loop  (cost=0.00..149.23 rows=19 width=37) (never executed)
                    Join Filter: (c0_7.s = ANY (c1_7.p_13))
                    ->  Seq Scan on cs_4 c0_7  (cost=0.00..39.21 rows=1 width=8) (never executed)
                          Filter: ((p_3 IS NOT NULL) AND (7 = ANY (p_0)))
                    ->  Seq Scan on cs_2 c1_7  (cost=0.00..77.01 rows=1467 width=54) (never executed)
                          Filter: (1996 = ANY (p_0))
        ->  Nested Loop  (cost=0.28..84.94 rows=1 width=12) (actual time=0.079..0.079 rows=0 loops=1)
              Join Filter: ((c0_8.s = ANY (c1_8.p_13)) AND (c2_8.s = ANY (c1_8.p_5)))
              ->  Nested Loop  (cost=0.28..47.53 rows=1 width=8) (actual time=0.079..0.079 rows=0 loops=1)
                    ->  Seq Scan on cs_4 c0_8  (cost=0.00..39.21 rows=1 width=8) (actual time=0.079..0.079 rows=0 loops=1)
                          Filter: ((p_3 IS NOT NULL) AND (7 = ANY (p_0)))
                          Rows Removed by Filter: 765
                    ->  Index Scan using cs_0_s on cs_0 c2_8  (cost=0.28..8.31 rows=1 width=4) (never executed)
                          Index Cond: (s = c0_8.p_3)
                          Filter: (4 = ANY (p_0))
              ->  Seq Scan on cs_5 c1_8  (cost=0.00..23.16 rows=407 width=54) (never executed)
                    Filter: (1996 = ANY (p_0))
        ->  Hash Join  (cost=71.59..290.85 rows=1 width=12) (actual time=0.753..0.753 rows=0 loops=1)
              Hash Cond: (c2_9.s = c0_9.p_3)
              Join Filter: (c2_9.s = ANY (c1_9.p_5))
              ->  Seq Scan on cs_1 c2_9  (cost=0.00..218.98 rows=30 width=4) (actual time=0.753..0.753 rows=0 loops=1)
                    Filter: (4 = ANY (p_0))
                    Rows Removed by Filter: 5999
              ->  Hash  (cost=71.53..71.53 rows=5 width=37) (never executed)
                    ->  Nested Loop  (cost=0.00..71.53 rows=5 width=37) (never executed)
                          Join Filter: (c0_9.s = ANY (c1_9.p_13))
                          ->  Seq Scan on cs_4 c0_9  (cost=0.00..39.21 rows=1 width=8) (never executed)
                                Filter: ((p_3 IS NOT NULL) AND (7 = ANY (p_0)))
                          ->  Seq Scan on cs_5 c1_9  (cost=0.00..23.16 rows=407 width=54) (never executed)
                                Filter: (1996 = ANY (p_0))
        ->  Nested Loop  (cost=0.28..84.93 rows=1 width=12) (actual time=0.080..0.080 rows=0 loops=1)
              Join Filter: ((c0_10.s = ANY (c1_10.p_13)) AND (c2_10.s = ANY (c1_10.p_5)))
              ->  Nested Loop  (cost=0.28..47.53 rows=1 width=8) (actual time=0.080..0.080 rows=0 loops=1)
                    ->  Seq Scan on cs_4 c0_10  (cost=0.00..39.21 rows=1 width=8) (actual time=0.080..0.080 rows=0 loops=1)
                          Filter: ((p_3 IS NOT NULL) AND (7 = ANY (p_0)))
                          Rows Removed by Filter: 765
                    ->  Index Scan using cs_2_s on cs_2 c2_10  (cost=0.28..8.31 rows=1 width=4) (never executed)
                          Index Cond: (s = c0_10.p_3)
                          Filter: (4 = ANY (p_0))
              ->  Seq Scan on cs_5 c1_10  (cost=0.00..23.16 rows=407 width=54) (never executed)
                    Filter: (1996 = ANY (p_0))
        ->  Nested Loop  (cost=0.00..133.97 rows=1 width=12) (actual time=0.290..0.290 rows=0 loops=1)
              Join Filter: ((c0_11.p_3 = c2_11.s) AND (c2_11.s = ANY (c1_11.p_5)))
              ->  Seq Scan on cs_3 c2_11  (cost=0.00..61.61 rows=6 width=4) (actual time=0.290..0.290 rows=0 loops=1)
                    Filter: (4 = ANY (p_0))
                    Rows Removed by Filter: 1227
              ->  Materialize  (cost=0.00..71.55 rows=5 width=37) (never executed)
                    ->  Nested Loop  (cost=0.00..71.53 rows=5 width=37) (never executed)
                          Join Filter: (c0_11.s = ANY (c1_11.p_13))
                          ->  Seq Scan on cs_4 c0_11  (cost=0.00..39.21 rows=1 width=8) (never executed)
                                Filter: ((p_3 IS NOT NULL) AND (7 = ANY (p_0)))
                          ->  Seq Scan on cs_5 c1_11  (cost=0.00..23.16 rows=407 width=54) (never executed)
                                Filter: (1996 = ANY (p_0))
        ->  Nested Loop  (cost=0.28..84.93 rows=1 width=12) (actual time=0.080..0.080 rows=0 loops=1)
              Join Filter: ((c0_12.s = ANY (c1_12.p_13)) AND (c2_12.s = ANY (c1_12.p_5)))
              ->  Nested Loop  (cost=0.28..47.53 rows=1 width=8) (actual time=0.080..0.080 rows=0 loops=1)
                    ->  Seq Scan on cs_4 c0_12  (cost=0.00..39.21 rows=1 width=8) (actual time=0.079..0.079 rows=0 loops=1)
                          Filter: ((p_3 IS NOT NULL) AND (7 = ANY (p_0)))
                          Rows Removed by Filter: 765
                    ->  Index Scan using cs_4_s on cs_4 c2_12  (cost=0.28..8.31 rows=1 width=4) (never executed)
                          Index Cond: (s = c0_12.p_3)
                          Filter: (4 = ANY (p_0))
              ->  Seq Scan on cs_5 c1_12  (cost=0.00..23.16 rows=407 width=54) (never executed)
                    Filter: (1996 = ANY (p_0))
        ->  Nested Loop  (cost=0.27..84.93 rows=1 width=12) (actual time=0.079..0.079 rows=0 loops=1)
              Join Filter: ((c0_13.s = ANY (c1_13.p_13)) AND (c2_13.s = ANY (c1_13.p_5)))
              ->  Nested Loop  (cost=0.27..47.52 rows=1 width=8) (actual time=0.079..0.079 rows=0 loops=1)
                    ->  Seq Scan on cs_4 c0_13  (cost=0.00..39.21 rows=1 width=8) (actual time=0.079..0.079 rows=0 loops=1)
                          Filter: ((p_3 IS NOT NULL) AND (7 = ANY (p_0)))
                          Rows Removed by Filter: 765
                    ->  Index Scan using cs_5_s on cs_5 c2_13  (cost=0.27..8.30 rows=1 width=4) (never executed)
                          Index Cond: (s = c0_13.p_3)
                          Filter: (4 = ANY (p_0))
              ->  Seq Scan on cs_5 c1_13  (cost=0.00..23.16 rows=407 width=54) (never executed)
                    Filter: (1996 = ANY (p_0))
        ->  Nested Loop  (cost=0.00..292.20 rows=1 width=12) (actual time=0.629..0.629 rows=0 loops=1)
              Join Filter: ((c0_14.p_3 = c2_14.s) AND (c2_14.s = ANY (c1_14.p_5)))
              ->  Seq Scan on cs_6 c2_14  (cost=0.00..217.50 rows=23 width=4) (actual time=0.629..0.629 rows=0 loops=1)
                    Filter: (4 = ANY (p_0))
                    Rows Removed by Filter: 4689
              ->  Materialize  (cost=0.00..71.55 rows=5 width=37) (never executed)
                    ->  Nested Loop  (cost=0.00..71.53 rows=5 width=37) (never executed)
                          Join Filter: (c0_14.s = ANY (c1_14.p_13))
                          ->  Seq Scan on cs_4 c0_14  (cost=0.00..39.21 rows=1 width=8) (never executed)
                                Filter: ((p_3 IS NOT NULL) AND (7 = ANY (p_0)))
                          ->  Seq Scan on cs_5 c1_14  (cost=0.00..23.16 rows=407 width=54) (never executed)
                                Filter: (1996 = ANY (p_0))
        ->  Nested Loop  (cost=0.00..72.99 rows=1 width=12) (actual time=0.010..0.010 rows=0 loops=1)
              Join Filter: ((c0_15.p_3 = c2_15.s) AND (c2_15.s = ANY (c1_15.p_5)))
              ->  Seq Scan on cs_7 c2_15  (cost=0.00..1.34 rows=1 width=4) (actual time=0.010..0.010 rows=0 loops=1)
                    Filter: (4 = ANY (p_0))
                    Rows Removed by Filter: 15
              ->  Nested Loop  (cost=0.00..71.53 rows=5 width=37) (never executed)
                    Join Filter: (c0_15.s = ANY (c1_15.p_13))
                    ->  Seq Scan on cs_4 c0_15  (cost=0.00..39.21 rows=1 width=8) (never executed)
                          Filter: ((p_3 IS NOT NULL) AND (7 = ANY (p_0)))
                    ->  Seq Scan on cs_5 c1_15  (cost=0.00..23.16 rows=407 width=54) (never executed)
                          Filter: (1996 = ANY (p_0))
        ->  Nested Loop  (cost=0.28..333.54 rows=1 width=12) (actual time=3.796..3.796 rows=0 loops=1)
              Join Filter: ((c0_16.s = ANY (c1_16.p_13)) AND (c2_16.s = ANY (c1_16.p_5)))
              Rows Removed by Join Filter: 22005
              ->  Seq Scan on cs_2 c1_16  (cost=0.00..77.01 rows=1467 width=54) (actual time=0.010..0.428 rows=1467 loops=1)
                    Filter: (1996 = ANY (p_0))
              ->  Materialize  (cost=0.28..36.50 rows=4 width=8) (actual time=0.000..0.001 rows=15 loops=1467)
                    ->  Nested Loop  (cost=0.28..36.48 rows=4 width=8) (actual time=0.020..0.046 rows=15 loops=1)
                          ->  Seq Scan on cs_7 c0_16  (cost=0.00..1.34 rows=1 width=36) (actual time=0.006..0.009 rows=15 loops=1)
                                Filter: (7 = ANY (p_0))
                          ->  Index Scan using cs_0_s on cs_0 c2_16  (cost=0.28..35.10 rows=4 width=4) (actual time=0.002..0.002 rows=1 loops=15)
                                Index Cond: (s = ANY (c0_16.p_3))
                                Filter: (4 = ANY (p_0))
        ->  Nested Loop  (cost=0.00..349.34 rows=1 width=12) (actual time=10.721..10.721 rows=0 loops=1)
              Join Filter: ((c0_17.s = ANY (c1_17.p_13)) AND (c2_17.s = ANY (c1_17.p_5)))
              ->  Nested Loop  (cost=0.00..220.99 rows=1 width=8) (actual time=10.720..10.720 rows=0 loops=1)
                    Join Filter: (c2_17.s = ANY (c0_17.p_3))
                    ->  Seq Scan on cs_7 c0_17  (cost=0.00..1.34 rows=1 width=36) (actual time=0.016..0.022 rows=15 loops=1)
                          Filter: (7 = ANY (p_0))
                    ->  Seq Scan on cs_1 c2_17  (cost=0.00..218.98 rows=30 width=4) (actual time=0.707..0.707 rows=0 loops=15)
                          Filter: (4 = ANY (p_0))
                          Rows Removed by Filter: 5999
              ->  Seq Scan on cs_2 c1_17  (cost=0.00..77.01 rows=1467 width=54) (never executed)
                    Filter: (1996 = ANY (p_0))
        ->  Nested Loop  (cost=0.28..160.78 rows=1 width=12) (actual time=0.048..0.048 rows=0 loops=1)
              Join Filter: ((c0_18.s = ANY (c1_18.p_13)) AND (c2_18.s = ANY (c1_18.p_5)))
              ->  Nested Loop  (cost=0.28..32.42 rows=1 width=8) (actual time=0.048..0.048 rows=0 loops=1)
                    ->  Seq Scan on cs_7 c0_18  (cost=0.00..1.34 rows=1 width=36) (actual time=0.010..0.013 rows=15 loops=1)
                          Filter: (7 = ANY (p_0))
                    ->  Index Scan using cs_2_s on cs_2 c2_18  (cost=0.28..31.07 rows=1 width=4) (actual time=0.002..0.002 rows=0 loops=15)
                          Index Cond: (s = ANY (c0_18.p_3))
                          Filter: (4 = ANY (p_0))
              ->  Seq Scan on cs_2 c1_18  (cost=0.00..77.01 rows=1467 width=54) (never executed)
                    Filter: (1996 = ANY (p_0))
        ->  Nested Loop  (cost=0.00..189.18 rows=1 width=12) (actual time=7.142..7.142 rows=0 loops=1)
              Join Filter: ((c2_19.s = ANY (c1_19.p_5)) AND (c2_19.s = ANY (c0_19.p_3)))
              ->  Nested Loop  (cost=0.00..111.35 rows=72 width=65) (actual time=0.017..6.818 rows=1467 loops=1)
                    Join Filter: (c0_19.s = ANY (c1_19.p_13))
                    Rows Removed by Join Filter: 20538
                    ->  Seq Scan on cs_7 c0_19  (cost=0.00..1.34 rows=1 width=36) (actual time=0.006..0.010 rows=15 loops=1)
                          Filter: (7 = ANY (p_0))
                    ->  Seq Scan on cs_2 c1_19  (cost=0.00..77.01 rows=1467 width=54) (actual time=0.002..0.239 rows=1467 loops=15)
                          Filter: (1996 = ANY (p_0))
              ->  Materialize  (cost=0.00..61.64 rows=6 width=4) (actual time=0.000..0.000 rows=0 loops=1467)
                    ->  Seq Scan on cs_3 c2_19  (cost=0.00..61.61 rows=6 width=4) (actual time=0.173..0.173 rows=0 loops=1)
                          Filter: (4 = ANY (p_0))
                          Rows Removed by Filter: 1227
        ->  Nested Loop  (cost=0.00..151.23 rows=1 width=12) (actual time=1.803..1.803 rows=0 loops=1)
              Join Filter: ((c0_20.s = ANY (c1_20.p_13)) AND (c2_20.s = ANY (c0_20.p_3)))
              ->  Seq Scan on cs_7 c0_20  (cost=0.00..1.34 rows=1 width=36) (actual time=0.018..0.023 rows=15 loops=1)
                    Filter: (7 = ANY (p_0))
              ->  Nested Loop  (cost=0.00..149.23 rows=19 width=33) (actual time=0.111..0.111 rows=0 loops=15)
                    Join Filter: (c2_20.s = ANY (c1_20.p_5))
                    ->  Seq Scan on cs_4 c2_20  (cost=0.00..39.21 rows=1 width=4) (actual time=0.111..0.111 rows=0 loops=15)
                          Filter: (4 = ANY (p_0))
                          Rows Removed by Filter: 765
                    ->  Seq Scan on cs_2 c1_20  (cost=0.00..77.01 rows=1467 width=54) (never executed)
                          Filter: (1996 = ANY (p_0))
        ->  Nested Loop  (cost=0.00..139.91 rows=1 width=12) (actual time=6.421..6.421 rows=0 loops=1)
              Join Filter: ((c2_21.s = ANY (c1_21.p_5)) AND (c2_21.s = ANY (c0_21.p_3)))
              ->  Nested Loop  (cost=0.00..111.35 rows=72 width=65) (actual time=0.031..6.032 rows=1467 loops=1)
                    Join Filter: (c0_21.s = ANY (c1_21.p_13))
                    Rows Removed by Join Filter: 20538
                    ->  Seq Scan on cs_7 c0_21  (cost=0.00..1.34 rows=1 width=36) (actual time=0.016..0.018 rows=15 loops=1)
                          Filter: (7 = ANY (p_0))
                    ->  Seq Scan on cs_2 c1_21  (cost=0.00..77.01 rows=1467 width=54) (actual time=0.002..0.213 rows=1467 loops=15)
                          Filter: (1996 = ANY (p_0))
              ->  Materialize  (cost=0.00..23.17 rows=2 width=4) (actual time=0.000..0.000 rows=0 loops=1467)
                    ->  Seq Scan on cs_5 c2_21  (cost=0.00..23.16 rows=2 width=4) (actual time=0.218..0.218 rows=0 loops=1)
                          Filter: (4 = ANY (p_0))
                          Rows Removed by Filter: 407
        ->  Nested Loop  (cost=0.00..347.71 rows=1 width=12) (actual time=8.712..8.712 rows=0 loops=1)
              Join Filter: ((c0_22.s = ANY (c1_22.p_13)) AND (c2_22.s = ANY (c1_22.p_5)))
              ->  Nested Loop  (cost=0.00..219.36 rows=1 width=8) (actual time=8.712..8.712 rows=0 loops=1)
                    Join Filter: (c2_22.s = ANY (c0_22.p_3))
                    ->  Seq Scan on cs_7 c0_22  (cost=0.00..1.34 rows=1 width=36) (actual time=0.007..0.010 rows=15 loops=1)
                          Filter: (7 = ANY (p_0))
                    ->  Seq Scan on cs_6 c2_22  (cost=0.00..217.50 rows=23 width=4) (actual time=0.574..0.574 rows=0 loops=15)
                          Filter: (4 = ANY (p_0))
                          Rows Removed by Filter: 4689
              ->  Seq Scan on cs_2 c1_22  (cost=0.00..77.01 rows=1467 width=54) (never executed)
                    Filter: (1996 = ANY (p_0))
        ->  Nested Loop  (cost=0.00..115.21 rows=1 width=12) (actual time=0.013..0.013 rows=0 loops=1)
              Join Filter: ((c2_23.s = ANY (c1_23.p_5)) AND (c2_23.s = ANY (c0_23.p_3)))
              ->  Seq Scan on cs_7 c2_23  (cost=0.00..1.34 rows=1 width=4) (actual time=0.013..0.013 rows=0 loops=1)
                    Filter: (4 = ANY (p_0))
                    Rows Removed by Filter: 15
              ->  Nested Loop  (cost=0.00..111.35 rows=72 width=65) (never executed)
                    Join Filter: (c0_23.s = ANY (c1_23.p_13))
                    ->  Seq Scan on cs_7 c0_23  (cost=0.00..1.34 rows=1 width=36) (never executed)
                          Filter: (7 = ANY (p_0))
                    ->  Seq Scan on cs_2 c1_23  (cost=0.00..77.01 rows=1467 width=54) (never executed)
                          Filter: (1996 = ANY (p_0))
        ->  Nested Loop  (cost=0.28..104.33 rows=1 width=12) (actual time=2.961..2.961 rows=0 loops=1)
              Join Filter: (c2_24.s = ANY (c0_24.p_3))
              Rows Removed by Join Filter: 407
              ->  Nested Loop  (cost=0.00..33.65 rows=20 width=65) (actual time=0.016..2.070 rows=407 loops=1)
                    Join Filter: (c0_24.s = ANY (c1_24.p_13))
                    Rows Removed by Join Filter: 5698
                    ->  Seq Scan on cs_7 c0_24  (cost=0.00..1.34 rows=1 width=36) (actual time=0.006..0.013 rows=15 loops=1)
                          Filter: (7 = ANY (p_0))
                    ->  Seq Scan on cs_5 c1_24  (cost=0.00..23.16 rows=407 width=54) (actual time=0.002..0.068 rows=407 loops=15)
                          Filter: (1996 = ANY (p_0))
              ->  Index Scan using cs_0_s on cs_0 c2_24  (cost=0.28..3.44 rows=4 width=4) (actual time=0.002..0.002 rows=1 loops=407)
                    Index Cond: (s = ANY (c1_24.p_5))
                    Filter: (4 = ANY (p_0))
        ->  Nested Loop  (cost=0.00..258.39 rows=1 width=12) (actual time=10.592..10.592 rows=0 loops=1)
              Join Filter: ((c0_25.s = ANY (c1_25.p_13)) AND (c2_25.s = ANY (c1_25.p_5)))
              ->  Nested Loop  (cost=0.00..220.99 rows=1 width=8) (actual time=10.590..10.590 rows=0 loops=1)
                    Join Filter: (c2_25.s = ANY (c0_25.p_3))
                    ->  Seq Scan on cs_7 c0_25  (cost=0.00..1.34 rows=1 width=36) (actual time=0.008..0.012 rows=15 loops=1)
                          Filter: (7 = ANY (p_0))
                    ->  Seq Scan on cs_1 c2_25  (cost=0.00..218.98 rows=30 width=4) (actual time=0.699..0.699 rows=0 loops=15)
                          Filter: (4 = ANY (p_0))
                          Rows Removed by Filter: 5999
              ->  Seq Scan on cs_5 c1_25  (cost=0.00..23.16 rows=407 width=54) (never executed)
                    Filter: (1996 = ANY (p_0))
        ->  Nested Loop  (cost=0.28..69.83 rows=1 width=12) (actual time=0.058..0.058 rows=0 loops=1)
              Join Filter: ((c0_26.s = ANY (c1_26.p_13)) AND (c2_26.s = ANY (c1_26.p_5)))
              ->  Nested Loop  (cost=0.28..32.42 rows=1 width=8) (actual time=0.056..0.056 rows=0 loops=1)
                    ->  Seq Scan on cs_7 c0_26  (cost=0.00..1.34 rows=1 width=36) (actual time=0.015..0.018 rows=15 loops=1)
                          Filter: (7 = ANY (p_0))
                    ->  Index Scan using cs_2_s on cs_2 c2_26  (cost=0.28..31.07 rows=1 width=4) (actual time=0.002..0.002 rows=0 loops=15)
                          Index Cond: (s = ANY (c0_26.p_3))
                          Filter: (4 = ANY (p_0))
              ->  Seq Scan on cs_5 c1_26  (cost=0.00..23.16 rows=407 width=54) (never executed)
                    Filter: (1996 = ANY (p_0))
        ->  Nested Loop  (cost=0.00..99.77 rows=1 width=12) (actual time=1.950..1.950 rows=0 loops=1)
              Join Filter: ((c2_27.s = ANY (c1_27.p_5)) AND (c2_27.s = ANY (c0_27.p_3)))
              ->  Nested Loop  (cost=0.00..33.65 rows=20 width=65) (actual time=0.018..1.716 rows=407 loops=1)
                    Join Filter: (c0_27.s = ANY (c1_27.p_13))
                    Rows Removed by Join Filter: 5698
                    ->  Seq Scan on cs_7 c0_27  (cost=0.00..1.34 rows=1 width=36) (actual time=0.007..0.009 rows=15 loops=1)
                          Filter: (7 = ANY (p_0))
                    ->  Seq Scan on cs_5 c1_27  (cost=0.00..23.16 rows=407 width=54) (actual time=0.001..0.060 rows=407 loops=15)
                          Filter: (1996 = ANY (p_0))
              ->  Materialize  (cost=0.00..61.64 rows=6 width=4) (actual time=0.001..0.001 rows=0 loops=407)
                    ->  Seq Scan on cs_3 c2_27  (cost=0.00..61.61 rows=6 width=4) (actual time=0.183..0.183 rows=0 loops=1)
                          Filter: (4 = ANY (p_0))
                          Rows Removed by Filter: 1227
        ->  Nested Loop  (cost=0.28..66.00 rows=1 width=12) (actual time=0.032..0.032 rows=0 loops=1)
              Join Filter: ((c0_28.s = ANY (c1_28.p_13)) AND (c2_28.s = ANY (c1_28.p_5)))
              ->  Nested Loop  (cost=0.28..28.60 rows=1 width=8) (actual time=0.031..0.031 rows=0 loops=1)
                    ->  Seq Scan on cs_7 c0_28  (cost=0.00..1.34 rows=1 width=36) (actual time=0.006..0.009 rows=15 loops=1)
                          Filter: (7 = ANY (p_0))
                    ->  Index Scan using cs_4_s on cs_4 c2_28  (cost=0.28..27.25 rows=1 width=4) (actual time=0.001..0.001 rows=0 loops=15)
                          Index Cond: (s = ANY (c0_28.p_3))
                          Filter: (4 = ANY (p_0))
              ->  Seq Scan on cs_5 c1_28  (cost=0.00..23.16 rows=407 width=54) (never executed)
                    Filter: (1996 = ANY (p_0))
        ->  Nested Loop  (cost=0.00..58.31 rows=1 width=12) (actual time=1.969..1.969 rows=0 loops=1)
              Join Filter: ((c2_29.s = ANY (c1_29.p_5)) AND (c2_29.s = ANY (c0_29.p_3)))
              ->  Nested Loop  (cost=0.00..33.65 rows=20 width=65) (actual time=0.013..1.866 rows=407 loops=1)
                    Join Filter: (c0_29.s = ANY (c1_29.p_13))
                    Rows Removed by Join Filter: 5698
                    ->  Seq Scan on cs_7 c0_29  (cost=0.00..1.34 rows=1 width=36) (actual time=0.006..0.009 rows=15 loops=1)
                          Filter: (7 = ANY (p_0))
                    ->  Seq Scan on cs_5 c1_29  (cost=0.00..23.16 rows=407 width=54) (actual time=0.001..0.065 rows=407 loops=15)
                          Filter: (1996 = ANY (p_0))
              ->  Materialize  (cost=0.00..23.17 rows=2 width=4) (actual time=0.000..0.000 rows=0 loops=407)
                    ->  Seq Scan on cs_5 c2_29  (cost=0.00..23.16 rows=2 width=4) (actual time=0.056..0.056 rows=0 loops=1)
                          Filter: (4 = ANY (p_0))
                          Rows Removed by Filter: 407
        ->  Nested Loop  (cost=0.00..256.76 rows=1 width=12) (actual time=8.208..8.208 rows=0 loops=1)
              Join Filter: ((c0_30.s = ANY (c1_30.p_13)) AND (c2_30.s = ANY (c1_30.p_5)))
              ->  Nested Loop  (cost=0.00..219.36 rows=1 width=8) (actual time=8.208..8.208 rows=0 loops=1)
                    Join Filter: (c2_30.s = ANY (c0_30.p_3))
                    ->  Seq Scan on cs_7 c0_30  (cost=0.00..1.34 rows=1 width=36) (actual time=0.009..0.012 rows=15 loops=1)
                          Filter: (7 = ANY (p_0))
                    ->  Seq Scan on cs_6 c2_30  (cost=0.00..217.50 rows=23 width=4) (actual time=0.541..0.541 rows=0 loops=15)
                          Filter: (4 = ANY (p_0))
                          Rows Removed by Filter: 4689
              ->  Seq Scan on cs_5 c1_30  (cost=0.00..23.16 rows=407 width=54) (never executed)
                    Filter: (1996 = ANY (p_0))
        ->  Nested Loop  (cost=0.00..35.69 rows=1 width=12) (actual time=0.008..0.008 rows=0 loops=1)
              Join Filter: ((c2_31.s = ANY (c1_31.p_5)) AND (c2_31.s = ANY (c0_31.p_3)))
              ->  Seq Scan on cs_7 c2_31  (cost=0.00..1.34 rows=1 width=4) (actual time=0.008..0.008 rows=0 loops=1)
                    Filter: (4 = ANY (p_0))
                    Rows Removed by Filter: 15
              ->  Nested Loop  (cost=0.00..33.65 rows=20 width=65) (never executed)
                    Join Filter: (c0_31.s = ANY (c1_31.p_13))
                    ->  Seq Scan on cs_7 c0_31  (cost=0.00..1.34 rows=1 width=36) (never executed)
                          Filter: (7 = ANY (p_0))
                    ->  Seq Scan on cs_5 c1_31  (cost=0.00..23.16 rows=407 width=54) (never executed)
                          Filter: (1996 = ANY (p_0))
Planning Time: 26.018 ms
Execution Time: 70.235 ms

Q2SPARQL:	PREFIX rdf: <http://www.w3.org/1999/02/22-rdf-syntax-ns#> PREFIX ub: <http://swat.cse.lehigh.edu/onto/univ-bench.owl#> SELECT DISTINCT ?X ?Y ?Z WHERE {?X rdf:type ub:GraduateStudent .?Y rdf:type ub:University . ?Z rdf:type ub:Department .?X ub:memberOf ?Z . ?Z ub:subOrganizationOf ?Y .?X ub:undergraduateDegreeFrom ?Y}
Q2:	PlanTime	26.018ms	ExecTime	70.235ms	TotalTime	96.253ms



Syntax of original query:	PREFIX rdf: <http://www.w3.org/1999/02/22-rdf-syntax-ns#> PREFIX ub: <http://swat.cse.lehigh.edu/onto/univ-bench.owl#> SELECT ?X ?Y WHERE {?X rdf:type ub:Publication . ?X ub:publicationAuthor ?Y . ?Y rdf:type ?typeY}
Syntax of SQL:	 SELECT c0.s, c1.s FROM cs_1 AS c0  INNER JOIN cs_1 AS c1 ON c1.s = ANY(c0.p_16)  WHERE 2569 = ANY(c0.p_0)   AND c1.p_0 IS NOT NULL  UNION  SELECT c0.s, c1.s FROM cs_1 AS c0  INNER JOIN cs_2 AS c1 ON c1.s = ANY(c0.p_16)  WHERE 2569 = ANY(c0.p_0)   AND c1.p_0 IS NOT NULL  UNION  SELECT c0.s, c1.s FROM cs_1 AS c0  INNER JOIN cs_3 AS c1 ON c1.s = ANY(c0.p_16)  WHERE 2569 = ANY(c0.p_0)   AND c1.p_0 IS NOT NULL  UNION  SELECT c0.s, c1.s FROM cs_1 AS c0  INNER JOIN cs_4 AS c1 ON c1.s = ANY(c0.p_16)  WHERE 2569 = ANY(c0.p_0)   AND c1.p_0 IS NOT NULL  UNION  SELECT c0.s, c1.s FROM cs_1 AS c0  INNER JOIN cs_5 AS c1 ON c1.s = ANY(c0.p_16)  WHERE 2569 = ANY(c0.p_0)   AND c1.p_0 IS NOT NULL  UNION  SELECT c0.s, c1.s FROM cs_1 AS c0  INNER JOIN cs_6 AS c1 ON c1.s = ANY(c0.p_16)  WHERE 2569 = ANY(c0.p_0)   AND c1.p_0 IS NOT NULL  UNION  SELECT c0.s, c1.s FROM cs_1 AS c0  INNER JOIN cs_7 AS c1 ON c1.s = ANY(c0.p_16)  WHERE 2569 = ANY(c0.p_0)   AND c1.p_0 IS NOT NULL 
Start Q3 execution plan
Unique  (cost=1889849.48..1892570.64 rows=362821 width=8) (actual time=14261.348..14262.948 rows=10634 loops=1)
  ->  Sort  (cost=1889849.48..1890756.53 rows=362821 width=8) (actual time=14261.347..14261.720 rows=10634 loops=1)
        Sort Key: c0.s, c1.s
        Sort Method: quicksort  Memory: 883kB
        ->  Append  (cost=0.00..1851381.96 rows=362821 width=8) (actual time=7275.670..14258.029 rows=10634 loops=1)
              ->  Nested Loop  (cost=0.00..900077.99 rows=59945 width=8) (actual time=7275.610..7275.610 rows=0 loops=1)
                    Join Filter: (c1.s = ANY (c0.p_16))
                    Rows Removed by Join Filter: 35988001
                    ->  Seq Scan on cs_1 c0  (cost=0.00..218.98 rows=5999 width=32) (actual time=0.028..3.867 rows=5999 loops=1)
                          Filter: (2569 = ANY (p_0))
                    ->  Materialize  (cost=0.00..173.99 rows=5999 width=4) (actual time=0.000..0.229 rows=5999 loops=5999)
                          ->  Seq Scan on cs_1 c1  (cost=0.00..143.99 rows=5999 width=4) (actual time=0.008..1.004 rows=5999 loops=1)
                                Filter: (p_0 IS NOT NULL)
              ->  Nested Loop  (cost=0.28..18719.93 rows=59806 width=8) (actual time=0.058..12.579 rows=3583 loops=1)
                    ->  Seq Scan on cs_1 c0_1  (cost=0.00..218.98 rows=5999 width=32) (actual time=0.024..1.100 rows=5999 loops=1)
                          Filter: (2569 = ANY (p_0))
                    ->  Index Scan using cs_2_s on cs_2 c1_1  (cost=0.28..2.98 rows=10 width=4) (actual time=0.001..0.001 rows=1 loops=5999)
                          Index Cond: (s = ANY (c0_1.p_16))
                          Filter: (p_0 IS NOT NULL)
              ->  Nested Loop  (cost=0.00..184287.64 rows=59770 width=8) (actual time=1419.120..1419.120 rows=0 loops=1)
                    Join Filter: (c1_2.s = ANY (c0_2.p_16))
                    Rows Removed by Join Filter: 7360773
                    ->  Seq Scan on cs_1 c0_2  (cost=0.00..218.98 rows=5999 width=32) (actual time=0.013..1.812 rows=5999 loops=1)
                          Filter: (2569 = ANY (p_0))
                    ->  Materialize  (cost=0.00..52.40 rows=1227 width=4) (actual time=0.000..0.044 rows=1227 loops=5999)
                          ->  Seq Scan on cs_3 c1_2  (cost=0.00..46.27 rows=1227 width=4) (actual time=0.014..0.265 rows=1227 loops=1)
                                Filter: (p_0 IS NOT NULL)
              ->  Nested Loop  (cost=0.28..18473.95 rows=59638 width=8) (actual time=0.084..13.307 rows=5999 loops=1)
                    ->  Seq Scan on cs_1 c0_3  (cost=0.00..218.98 rows=5999 width=32) (actual time=0.023..1.132 rows=5999 loops=1)
                          Filter: (2569 = ANY (p_0))
                    ->  Index Scan using cs_4_s on cs_4 c1_3  (cost=0.28..2.94 rows=10 width=4) (actual time=0.001..0.002 rows=1 loops=5999)
                          Index Cond: (s = ANY (c0_3.p_16))
                          Filter: (p_0 IS NOT NULL)
              ->  Nested Loop  (cost=0.27..18287.98 rows=59331 width=8) (actual time=0.038..10.758 rows=1052 loops=1)
                    ->  Seq Scan on cs_1 c0_4  (cost=0.00..218.98 rows=5999 width=32) (actual time=0.014..1.043 rows=5999 loops=1)
                          Filter: (2569 = ANY (p_0))
                    ->  Index Scan using cs_5_s on cs_5 c1_4  (cost=0.27..2.91 rows=10 width=4) (actual time=0.001..0.001 rows=0 loops=5999)
                          Index Cond: (s = ANY (c0_4.p_16))
                          Filter: (p_0 IS NOT NULL)
              ->  Nested Loop  (cost=0.00..703622.36 rows=59932 width=8) (actual time=5509.356..5509.356 rows=0 loops=1)
                    Join Filter: (c1_5.s = ANY (c0_5.p_16))
                    Rows Removed by Join Filter: 28129311
                    ->  Seq Scan on cs_1 c0_5  (cost=0.00..218.98 rows=5999 width=32) (actual time=0.009..3.394 rows=5999 loops=1)
                          Filter: (2569 = ANY (p_0))
                    ->  Materialize  (cost=0.00..182.33 rows=4689 width=4) (actual time=0.000..0.175 rows=4689 loops=5999)
                          ->  Seq Scan on cs_6 c1_5  (cost=0.00..158.89 rows=4689 width=4) (actual time=0.014..0.983 rows=4689 loops=1)
                                Filter: (p_0 IS NOT NULL)
              ->  Nested Loop  (cost=0.00..2469.79 rows=4399 width=8) (actual time=16.773..16.773 rows=0 loops=1)
                    Join Filter: (c1_6.s = ANY (c0_6.p_16))
                    Rows Removed by Join Filter: 89985
                    ->  Seq Scan on cs_1 c0_6  (cost=0.00..218.98 rows=5999 width=32) (actual time=0.020..1.120 rows=5999 loops=1)
                          Filter: (2569 = ANY (p_0))
                    ->  Materialize  (cost=0.00..1.22 rows=15 width=4) (actual time=0.000..0.001 rows=15 loops=5999)
                          ->  Seq Scan on cs_7 c1_6  (cost=0.00..1.15 rows=15 width=4) (actual time=0.014..0.016 rows=15 loops=1)
                                Filter: (p_0 IS NOT NULL)
Planning Time: 13.374 ms
Execution Time: 14263.808 ms

Q3SPARQL:	PREFIX rdf: <http://www.w3.org/1999/02/22-rdf-syntax-ns#> PREFIX ub: <http://swat.cse.lehigh.edu/onto/univ-bench.owl#> SELECT ?X ?Y WHERE {?X rdf:type ub:Publication . ?X ub:publicationAuthor ?Y . ?Y rdf:type ?typeY}
Q3:	PlanTime	13.374ms	ExecTime	14263.808ms	TotalTime	14277.182ms



Syntax of original query:	PREFIX rdf: <http://www.w3.org/1999/02/22-rdf-syntax-ns#> PREFIX ub: <http://swat.cse.lehigh.edu/onto/univ-bench.owl#> SELECT ?X ?Y ?Y1 ?Y2 ?Y3 WHERE {?X rdf:type ub:AssistantProfessor . ?X ub:worksFor ?Y . ?X ub:name ?Y1 . ?X ub:emailAddress ?Y2 . ?X ub:telephone ?Y3 . ?Y rdf:type ub:Department}
Syntax of SQL:	 SELECT c0.s, c0.p_2, c0.p_9, c0.p_10, c1.s FROM cs_4 AS c0  INNER JOIN cs_0 AS c1 ON c1.s = ANY(c0.p_8)  WHERE 249 = ANY(c0.p_0) AND c0.p_2 IS NOT NULL    AND c0.p_9 IS NOT NULL  AND c0.p_10 IS NOT NULL  AND 7 = ANY(c1.p_0) UNION  SELECT c0.s, c0.p_2, c0.p_9, c0.p_10, c1.s FROM cs_4 AS c0  INNER JOIN cs_1 AS c1 ON c1.s = ANY(c0.p_8)  WHERE 249 = ANY(c0.p_0) AND c0.p_2 IS NOT NULL    AND c0.p_9 IS NOT NULL  AND c0.p_10 IS NOT NULL  AND 7 = ANY(c1.p_0) UNION  SELECT c0.s, c0.p_2, c0.p_9, c0.p_10, c1.s FROM cs_4 AS c0  INNER JOIN cs_2 AS c1 ON c1.s = ANY(c0.p_8)  WHERE 249 = ANY(c0.p_0) AND c0.p_2 IS NOT NULL    AND c0.p_9 IS NOT NULL  AND c0.p_10 IS NOT NULL  AND 7 = ANY(c1.p_0) UNION  SELECT c0.s, c0.p_2, c0.p_9, c0.p_10, c1.s FROM cs_4 AS c0  INNER JOIN cs_3 AS c1 ON c1.s = ANY(c0.p_8)  WHERE 249 = ANY(c0.p_0) AND c0.p_2 IS NOT NULL    AND c0.p_9 IS NOT NULL  AND c0.p_10 IS NOT NULL  AND 7 = ANY(c1.p_0) UNION  SELECT c0.s, c0.p_2, c0.p_9, c0.p_10, c1.s FROM cs_4 AS c0  INNER JOIN cs_4 AS c1 ON c1.s = ANY(c0.p_8)  WHERE 249 = ANY(c0.p_0) AND c0.p_2 IS NOT NULL    AND c0.p_9 IS NOT NULL  AND c0.p_10 IS NOT NULL  AND 7 = ANY(c1.p_0) UNION  SELECT c0.s, c0.p_2, c0.p_9, c0.p_10, c1.s FROM cs_4 AS c0  INNER JOIN cs_5 AS c1 ON c1.s = ANY(c0.p_8)  WHERE 249 = ANY(c0.p_0) AND c0.p_2 IS NOT NULL    AND c0.p_9 IS NOT NULL  AND c0.p_10 IS NOT NULL  AND 7 = ANY(c1.p_0) UNION  SELECT c0.s, c0.p_2, c0.p_9, c0.p_10, c1.s FROM cs_4 AS c0  INNER JOIN cs_6 AS c1 ON c1.s = ANY(c0.p_8)  WHERE 249 = ANY(c0.p_0) AND c0.p_2 IS NOT NULL    AND c0.p_9 IS NOT NULL  AND c0.p_10 IS NOT NULL  AND 7 = ANY(c1.p_0) UNION  SELECT c0.s, c0.p_2, c0.p_9, c0.p_10, c1.s FROM cs_4 AS c0  INNER JOIN cs_7 AS c1 ON c1.s = ANY(c0.p_8)  WHERE 249 = ANY(c0.p_0) AND c0.p_2 IS NOT NULL    AND c0.p_9 IS NOT NULL  AND c0.p_10 IS NOT NULL  AND 7 = ANY(c1.p_0)
Start Q4 execution plan
HashAggregate  (cost=1142.38..1142.55 rows=17 width=104) (actual time=6.561..6.581 rows=146 loops=1)
  Group Key: c0.s, c0.p_2, c0.p_9, c0.p_10, c1.s
  ->  Append  (cost=0.00..1142.16 rows=17 width=104) (actual time=4.351..6.468 rows=146 loops=1)
        ->  Nested Loop  (cost=0.00..139.45 rows=3 width=83) (actual time=0.686..0.686 rows=0 loops=1)
              Join Filter: (c1.s = ANY (c0.p_8))
              ->  Seq Scan on cs_4 c0  (cost=0.00..39.21 rows=51 width=104) (actual time=0.028..0.248 rows=146 loops=1)
                    Filter: ((p_2 IS NOT NULL) AND (p_9 IS NOT NULL) AND (p_10 IS NOT NULL) AND (249 = ANY (p_0)))
                    Rows Removed by Filter: 619
              ->  Materialize  (cost=0.00..83.70 rows=13 width=4) (actual time=0.003..0.003 rows=0 loops=146)
                    ->  Seq Scan on cs_0 c1  (cost=0.00..83.63 rows=13 width=4) (actual time=0.420..0.420 rows=0 loops=1)
                          Filter: (7 = ANY (p_0))
                          Rows Removed by Filter: 2606
        ->  Nested Loop  (cost=0.00..296.51 rows=3 width=83) (actual time=1.209..1.209 rows=0 loops=1)
              Join Filter: (c1_1.s = ANY (c0_1.p_8))
              ->  Seq Scan on cs_4 c0_1  (cost=0.00..39.21 rows=51 width=104) (actual time=0.012..0.147 rows=146 loops=1)
                    Filter: ((p_2 IS NOT NULL) AND (p_9 IS NOT NULL) AND (p_10 IS NOT NULL) AND (249 = ANY (p_0)))
                    Rows Removed by Filter: 619
              ->  Materialize  (cost=0.00..219.13 rows=30 width=4) (actual time=0.007..0.007 rows=0 loops=146)
                    ->  Seq Scan on cs_1 c1_1  (cost=0.00..218.98 rows=30 width=4) (actual time=1.042..1.042 rows=0 loops=1)
                          Filter: (7 = ANY (p_0))
                          Rows Removed by Filter: 5999
        ->  Nested Loop  (cost=0.00..125.16 rows=2 width=83) (actual time=0.513..0.513 rows=0 loops=1)
              Join Filter: (c1_2.s = ANY (c0_2.p_8))
              ->  Seq Scan on cs_4 c0_2  (cost=0.00..39.21 rows=51 width=104) (actual time=0.011..0.132 rows=146 loops=1)
                    Filter: ((p_2 IS NOT NULL) AND (p_9 IS NOT NULL) AND (p_10 IS NOT NULL) AND (249 = ANY (p_0)))
                    Rows Removed by Filter: 619
              ->  Materialize  (cost=0.00..77.04 rows=7 width=4) (actual time=0.003..0.003 rows=0 loops=146)
                    ->  Seq Scan on cs_2 c1_2  (cost=0.00..77.01 rows=7 width=4) (actual time=0.360..0.360 rows=0 loops=1)
                          Filter: (7 = ANY (p_0))
                          Rows Removed by Filter: 1467
        ->  Nested Loop  (cost=0.00..108.48 rows=2 width=83) (actual time=0.433..0.433 rows=0 loops=1)
              Join Filter: (c1_3.s = ANY (c0_3.p_8))
              ->  Seq Scan on cs_4 c0_3  (cost=0.00..39.21 rows=51 width=104) (actual time=0.011..0.131 rows=146 loops=1)
                    Filter: ((p_2 IS NOT NULL) AND (p_9 IS NOT NULL) AND (p_10 IS NOT NULL) AND (249 = ANY (p_0)))
                    Rows Removed by Filter: 619
              ->  Materialize  (cost=0.00..61.64 rows=6 width=4) (actual time=0.002..0.002 rows=0 loops=146)
                    ->  Seq Scan on cs_3 c1_3  (cost=0.00..61.61 rows=6 width=4) (actual time=0.286..0.286 rows=0 loops=1)
                          Filter: (7 = ANY (p_0))
                          Rows Removed by Filter: 1227
        ->  Nested Loop  (cost=0.00..79.57 rows=1 width=83) (actual time=0.095..0.095 rows=0 loops=1)
              Join Filter: (c1_4.s = ANY (c0_4.p_8))
              ->  Seq Scan on cs_4 c1_4  (cost=0.00..39.21 rows=1 width=4) (actual time=0.094..0.094 rows=0 loops=1)
                    Filter: (7 = ANY (p_0))
                    Rows Removed by Filter: 765
              ->  Seq Scan on cs_4 c0_4  (cost=0.00..39.21 rows=51 width=104) (never executed)
                    Filter: ((p_2 IS NOT NULL) AND (p_9 IS NOT NULL) AND (p_10 IS NOT NULL) AND (249 = ANY (p_0)))
        ->  Nested Loop  (cost=0.00..64.92 rows=2 width=83) (actual time=0.264..0.264 rows=0 loops=1)
              Join Filter: (c1_5.s = ANY (c0_5.p_8))
              ->  Seq Scan on cs_4 c0_5  (cost=0.00..39.21 rows=51 width=104) (actual time=0.010..0.130 rows=146 loops=1)
                    Filter: ((p_2 IS NOT NULL) AND (p_9 IS NOT NULL) AND (p_10 IS NOT NULL) AND (249 = ANY (p_0)))
                    Rows Removed by Filter: 619
              ->  Materialize  (cost=0.00..23.17 rows=2 width=4) (actual time=0.001..0.001 rows=0 loops=146)
                    ->  Seq Scan on cs_5 c1_5  (cost=0.00..23.16 rows=2 width=4) (actual time=0.114..0.114 rows=0 loops=1)
                          Filter: (7 = ANY (p_0))
                          Rows Removed by Filter: 407
        ->  Nested Loop  (cost=0.00..286.10 rows=2 width=83) (actual time=1.127..1.127 rows=0 loops=1)
              Join Filter: (c1_6.s = ANY (c0_6.p_8))
              ->  Seq Scan on cs_4 c0_6  (cost=0.00..39.21 rows=51 width=104) (actual time=0.013..0.133 rows=146 loops=1)
                    Filter: ((p_2 IS NOT NULL) AND (p_9 IS NOT NULL) AND (p_10 IS NOT NULL) AND (249 = ANY (p_0)))
                    Rows Removed by Filter: 619
              ->  Materialize  (cost=0.00..217.62 rows=23 width=4) (actual time=0.007..0.007 rows=0 loops=146)
                    ->  Seq Scan on cs_6 c1_6  (cost=0.00..217.50 rows=23 width=4) (actual time=0.974..0.974 rows=0 loops=1)
                          Filter: (7 = ANY (p_0))
                          Rows Removed by Filter: 4689
        ->  Nested Loop  (cost=0.00..41.70 rows=2 width=83) (actual time=0.023..2.133 rows=146 loops=1)
              Join Filter: (c1_7.s = ANY (c0_7.p_8))
              Rows Removed by Join Filter: 2044
              ->  Seq Scan on cs_7 c1_7  (cost=0.00..1.34 rows=1 width=4) (actual time=0.010..0.012 rows=15 loops=1)
                    Filter: (7 = ANY (p_0))
              ->  Seq Scan on cs_4 c0_7  (cost=0.00..39.21 rows=51 width=104) (actual time=0.005..0.123 rows=146 loops=15)
                    Filter: ((p_2 IS NOT NULL) AND (p_9 IS NOT NULL) AND (p_10 IS NOT NULL) AND (249 = ANY (p_0)))
                    Rows Removed by Filter: 619
Planning Time: 14.607 ms
Execution Time: 6.852 ms

Q4SPARQL:	PREFIX rdf: <http://www.w3.org/1999/02/22-rdf-syntax-ns#> PREFIX ub: <http://swat.cse.lehigh.edu/onto/univ-bench.owl#> SELECT ?X ?Y ?Y1 ?Y2 ?Y3 WHERE {?X rdf:type ub:AssistantProfessor . ?X ub:worksFor ?Y . ?X ub:name ?Y1 . ?X ub:emailAddress ?Y2 . ?X ub:telephone ?Y3 . ?Y rdf:type ub:Department}
Q4:	PlanTime	14.607ms	ExecTime	6.852ms	TotalTime	21.459ms



Syntax of original query:	PREFIX rdf: <http://www.w3.org/1999/02/22-rdf-syntax-ns#> PREFIX ub: <http://swat.cse.lehigh.edu/onto/univ-bench.owl#> SELECT DISTINCT ?s1 ?pub ?dept WHERE { ?s1 rdf:type ?studentType . ?s1 ub:memberOf ?dept . ?dept rdf:type ?deptType . ?dept ub:subOrganizationOf ?sub . ?pub rdf:type ?pubtype . ?pub ub:publicationAuthor ?s1 . }
Syntax of SQL:	 SELECT c0.s, c1.s, c2.s FROM cs_1 AS c0  INNER JOIN cs_2 AS c2 ON c2.s = ANY(c0.p_16)  INNER JOIN cs_4 AS c1 ON c1.s = ANY(c2.p_13)  WHERE c0.p_0 IS NOT NULL    AND c1.p_0 IS NOT NULL  AND c1.p_3 IS NOT NULL  AND c2.p_0 IS NOT NULL    UNION  SELECT c0.s, c1.s, c2.s FROM cs_1 AS c0  INNER JOIN cs_5 AS c2 ON c2.s = ANY(c0.p_16)  INNER JOIN cs_4 AS c1 ON c1.s = ANY(c2.p_13)  WHERE c0.p_0 IS NOT NULL    AND c1.p_0 IS NOT NULL  AND c1.p_3 IS NOT NULL  AND c2.p_0 IS NOT NULL    UNION  SELECT c0.s, c1.s, c2.s FROM cs_1 AS c0  INNER JOIN cs_2 AS c2 ON c2.s = ANY(c0.p_16)  INNER JOIN cs_7 AS c1 ON c1.s = ANY(c2.p_13)  WHERE c0.p_0 IS NOT NULL    AND c1.p_0 IS NOT NULL  AND c1.p_3 IS NOT NULL  AND c2.p_0 IS NOT NULL    UNION  SELECT c0.s, c1.s, c2.s FROM cs_1 AS c0  INNER JOIN cs_5 AS c2 ON c2.s = ANY(c0.p_16)  INNER JOIN cs_7 AS c1 ON c1.s = ANY(c2.p_13)  WHERE c0.p_0 IS NOT NULL    AND c1.p_0 IS NOT NULL  AND c1.p_3 IS NOT NULL  AND c2.p_0 IS NOT NULL   
Start Q5 execution plan
Unique  (cost=515095.34..519437.04 rows=434170 width=12) (actual time=54.269..54.967 rows=4635 loops=1)
  ->  Sort  (cost=515095.34..516180.77 rows=434170 width=12) (actual time=54.268..54.424 rows=4635 loops=1)
        Sort Key: c0.s, c1.s, c2.s
        Sort Method: quicksort  Memory: 410kB
        ->  Append  (cost=0.55..467019.88 rows=434170 width=12) (actual time=18.682..52.552 rows=4635 loops=1)
              ->  Nested Loop  (cost=0.55..199774.57 rows=174092 width=12) (actual time=16.893..16.893 rows=0 loops=1)
                    ->  Nested Loop  (cost=0.28..18644.94 rows=59806 width=33) (actual time=0.064..13.052 rows=3583 loops=1)
                          ->  Seq Scan on cs_1 c0  (cost=0.00..143.99 rows=5999 width=32) (actual time=0.028..1.078 rows=5999 loops=1)
                                Filter: (p_0 IS NOT NULL)
                          ->  Index Scan using cs_2_s on cs_2 c2  (cost=0.28..2.98 rows=10 width=29) (actual time=0.001..0.001 rows=1 loops=5999)
                                Index Cond: (s = ANY (c0.p_16))
                                Filter: (p_0 IS NOT NULL)
                    ->  Index Scan using cs_4_s on cs_4 c1  (cost=0.28..3.00 rows=3 width=4) (actual time=0.001..0.001 rows=0 loops=3583)
                          Index Cond: (s = ANY (c2.p_13))
                          Filter: ((p_0 IS NOT NULL) AND (p_3 IS NOT NULL))
              ->  Nested Loop  (cost=0.28..179196.08 rows=172709 width=12) (actual time=1.740..1.740 rows=0 loops=1)
                    Join Filter: (c2_1.s = ANY (c0_1.p_16))
                    ->  Seq Scan on cs_1 c0_1  (cost=0.00..143.99 rows=5999 width=32) (actual time=0.021..0.618 rows=5999 loops=1)
                          Filter: (p_0 IS NOT NULL)
                    ->  Materialize  (cost=0.28..1334.68 rows=1185 width=8) (actual time=0.000..0.000 rows=0 loops=5999)
                          ->  Nested Loop  (cost=0.28..1328.76 rows=1185 width=8) (actual time=0.547..0.547 rows=0 loops=1)
                                ->  Seq Scan on cs_5 c2_1  (cost=0.00..18.07 rows=407 width=29) (actual time=0.014..0.118 rows=407 loops=1)
                                      Filter: (p_0 IS NOT NULL)
                                ->  Index Scan using cs_4_s on cs_4 c1_1  (cost=0.28..3.19 rows=3 width=4) (actual time=0.001..0.001 rows=0 loops=407)
                                      Index Cond: (s = ANY (c2_1.p_13))
                                      Filter: ((p_0 IS NOT NULL) AND (p_3 IS NOT NULL))
              ->  Nested Loop  (cost=0.28..41073.38 rows=43859 width=12) (actual time=0.046..20.074 rows=3583 loops=1)
                    Join Filter: (c1_2.s = ANY (c2_2.p_13))
                    Rows Removed by Join Filter: 50162
                    ->  Nested Loop  (cost=0.28..18644.94 rows=59806 width=33) (actual time=0.022..12.226 rows=3583 loops=1)
                          ->  Seq Scan on cs_1 c0_2  (cost=0.00..143.99 rows=5999 width=32) (actual time=0.010..0.654 rows=5999 loops=1)
                                Filter: (p_0 IS NOT NULL)
                          ->  Index Scan using cs_2_s on cs_2 c2_2  (cost=0.28..2.98 rows=10 width=29) (actual time=0.001..0.001 rows=1 loops=5999)
                                Index Cond: (s = ANY (c0_2.p_16))
                                Filter: (p_0 IS NOT NULL)
                    ->  Materialize  (cost=0.00..1.22 rows=15 width=4) (actual time=0.000..0.001 rows=15 loops=3583)
                          ->  Seq Scan on cs_7 c1_2  (cost=0.00..1.15 rows=15 width=4) (actual time=0.010..0.012 rows=15 loops=1)
                                Filter: ((p_0 IS NOT NULL) AND (p_3 IS NOT NULL))
              ->  Nested Loop  (cost=0.27..40463.30 rows=43510 width=12) (actual time=0.048..13.618 rows=1052 loops=1)
                    Join Filter: (c1_3.s = ANY (c2_3.p_13))
                    Rows Removed by Join Filter: 14728
                    ->  Nested Loop  (cost=0.27..18212.99 rows=59331 width=33) (actual time=0.036..11.197 rows=1052 loops=1)
                          ->  Seq Scan on cs_1 c0_3  (cost=0.00..143.99 rows=5999 width=32) (actual time=0.014..0.755 rows=5999 loops=1)
                                Filter: (p_0 IS NOT NULL)
                          ->  Index Scan using cs_5_s on cs_5 c2_3  (cost=0.27..2.91 rows=10 width=29) (actual time=0.001..0.001 rows=0 loops=5999)
                                Index Cond: (s = ANY (c0_3.p_16))
                                Filter: (p_0 IS NOT NULL)
                    ->  Materialize  (cost=0.00..1.22 rows=15 width=4) (actual time=0.000..0.001 rows=15 loops=1052)
                          ->  Seq Scan on cs_7 c1_3  (cost=0.00..1.15 rows=15 width=4) (actual time=0.008..0.010 rows=15 loops=1)
                                Filter: ((p_0 IS NOT NULL) AND (p_3 IS NOT NULL))
Planning Time: 15.746 ms
Execution Time: 55.443 ms

Q5SPARQL:	PREFIX rdf: <http://www.w3.org/1999/02/22-rdf-syntax-ns#> PREFIX ub: <http://swat.cse.lehigh.edu/onto/univ-bench.owl#> SELECT DISTINCT ?s1 ?pub ?dept WHERE { ?s1 rdf:type ?studentType . ?s1 ub:memberOf ?dept . ?dept rdf:type ?deptType . ?dept ub:subOrganizationOf ?sub . ?pub rdf:type ?pubtype . ?pub ub:publicationAuthor ?s1 . }
Q5:	PlanTime	15.746ms	ExecTime	55.443ms	TotalTime	71.189ms



Syntax of original query:	PREFIX rdf: <http://www.w3.org/1999/02/22-rdf-syntax-ns#> PREFIX ub: <http://swat.cse.lehigh.edu/onto/univ-bench.owl#> SELECT DISTINCT ?s1 ?pub ?dept WHERE { ?s1 rdf:type ?studentType . ?s1 ub:undergraduateDegreeFrom ?uguni . ?s1 ub:memberOf ?dept . ?dept rdf:type ?deptType . ?dept ub:subOrganizationOf ?sub . ?pub rdf:type ?pubtype . ?pub ub:publicationAuthor ?s1 . }
Syntax of SQL:	 SELECT c0.s, c1.s, c2.s FROM cs_1 AS c0  INNER JOIN cs_2 AS c2 ON c2.s = ANY(c0.p_16)  INNER JOIN cs_4 AS c1 ON c1.s = ANY(c2.p_13)  WHERE c0.p_0 IS NOT NULL    AND c1.p_0 IS NOT NULL  AND c1.p_3 IS NOT NULL  AND c2.p_0 IS NOT NULL  AND c2.p_5 IS NOT NULL    UNION  SELECT c0.s, c1.s, c2.s FROM cs_1 AS c0  INNER JOIN cs_5 AS c2 ON c2.s = ANY(c0.p_16)  INNER JOIN cs_4 AS c1 ON c1.s = ANY(c2.p_13)  WHERE c0.p_0 IS NOT NULL    AND c1.p_0 IS NOT NULL  AND c1.p_3 IS NOT NULL  AND c2.p_0 IS NOT NULL  AND c2.p_5 IS NOT NULL    UNION  SELECT c0.s, c1.s, c2.s FROM cs_1 AS c0  INNER JOIN cs_2 AS c2 ON c2.s = ANY(c0.p_16)  INNER JOIN cs_7 AS c1 ON c1.s = ANY(c2.p_13)  WHERE c0.p_0 IS NOT NULL    AND c1.p_0 IS NOT NULL  AND c1.p_3 IS NOT NULL  AND c2.p_0 IS NOT NULL  AND c2.p_5 IS NOT NULL    UNION  SELECT c0.s, c1.s, c2.s FROM cs_1 AS c0  INNER JOIN cs_5 AS c2 ON c2.s = ANY(c0.p_16)  INNER JOIN cs_7 AS c1 ON c1.s = ANY(c2.p_13)  WHERE c0.p_0 IS NOT NULL    AND c1.p_0 IS NOT NULL  AND c1.p_3 IS NOT NULL  AND c2.p_0 IS NOT NULL  AND c2.p_5 IS NOT NULL   
Start Q6 execution plan
Unique  (cost=515095.34..519437.04 rows=434170 width=12) (actual time=57.527..58.226 rows=4635 loops=1)
  ->  Sort  (cost=515095.34..516180.77 rows=434170 width=12) (actual time=57.526..57.682 rows=4635 loops=1)
        Sort Key: c0.s, c1.s, c2.s
        Sort Method: quicksort  Memory: 410kB
        ->  Append  (cost=0.55..467019.88 rows=434170 width=12) (actual time=21.389..55.778 rows=4635 loops=1)
              ->  Nested Loop  (cost=0.55..199774.57 rows=174092 width=12) (actual time=19.616..19.616 rows=0 loops=1)
                    ->  Nested Loop  (cost=0.28..18644.94 rows=59806 width=33) (actual time=0.058..15.080 rows=3583 loops=1)
                          ->  Seq Scan on cs_1 c0  (cost=0.00..143.99 rows=5999 width=32) (actual time=0.024..1.265 rows=5999 loops=1)
                                Filter: (p_0 IS NOT NULL)
                          ->  Index Scan using cs_2_s on cs_2 c2  (cost=0.28..2.98 rows=10 width=29) (actual time=0.001..0.002 rows=1 loops=5999)
                                Index Cond: (s = ANY (c0.p_16))
                                Filter: ((p_0 IS NOT NULL) AND (p_5 IS NOT NULL))
                    ->  Index Scan using cs_4_s on cs_4 c1  (cost=0.28..3.00 rows=3 width=4) (actual time=0.001..0.001 rows=0 loops=3583)
                          Index Cond: (s = ANY (c2.p_13))
                          Filter: ((p_0 IS NOT NULL) AND (p_3 IS NOT NULL))
              ->  Nested Loop  (cost=0.28..179196.08 rows=172709 width=12) (actual time=1.722..1.722 rows=0 loops=1)
                    Join Filter: (c2_1.s = ANY (c0_1.p_16))
                    ->  Seq Scan on cs_1 c0_1  (cost=0.00..143.99 rows=5999 width=32) (actual time=0.020..0.605 rows=5999 loops=1)
                          Filter: (p_0 IS NOT NULL)
                    ->  Materialize  (cost=0.28..1334.68 rows=1185 width=8) (actual time=0.000..0.000 rows=0 loops=5999)
                          ->  Nested Loop  (cost=0.28..1328.76 rows=1185 width=8) (actual time=0.543..0.543 rows=0 loops=1)
                                ->  Seq Scan on cs_5 c2_1  (cost=0.00..18.07 rows=407 width=29) (actual time=0.013..0.116 rows=407 loops=1)
                                      Filter: ((p_0 IS NOT NULL) AND (p_5 IS NOT NULL))
                                ->  Index Scan using cs_4_s on cs_4 c1_1  (cost=0.28..3.19 rows=3 width=4) (actual time=0.001..0.001 rows=0 loops=407)
                                      Index Cond: (s = ANY (c2_1.p_13))
                                      Filter: ((p_0 IS NOT NULL) AND (p_3 IS NOT NULL))
              ->  Nested Loop  (cost=0.28..41073.38 rows=43859 width=12) (actual time=0.043..20.409 rows=3583 loops=1)
                    Join Filter: (c1_2.s = ANY (c2_2.p_13))
                    Rows Removed by Join Filter: 50162
                    ->  Nested Loop  (cost=0.28..18644.94 rows=59806 width=33) (actual time=0.024..12.500 rows=3583 loops=1)
                          ->  Seq Scan on cs_1 c0_2  (cost=0.00..143.99 rows=5999 width=32) (actual time=0.008..0.694 rows=5999 loops=1)
                                Filter: (p_0 IS NOT NULL)
                          ->  Index Scan using cs_2_s on cs_2 c2_2  (cost=0.28..2.98 rows=10 width=29) (actual time=0.001..0.001 rows=1 loops=5999)
                                Index Cond: (s = ANY (c0_2.p_16))
                                Filter: ((p_0 IS NOT NULL) AND (p_5 IS NOT NULL))
                    ->  Materialize  (cost=0.00..1.22 rows=15 width=4) (actual time=0.000..0.001 rows=15 loops=3583)
                          ->  Seq Scan on cs_7 c1_2  (cost=0.00..1.15 rows=15 width=4) (actual time=0.010..0.012 rows=15 loops=1)
                                Filter: ((p_0 IS NOT NULL) AND (p_3 IS NOT NULL))
              ->  Nested Loop  (cost=0.27..40463.30 rows=43510 width=12) (actual time=0.055..13.781 rows=1052 loops=1)
                    Join Filter: (c1_3.s = ANY (c2_3.p_13))
                    Rows Removed by Join Filter: 14728
                    ->  Nested Loop  (cost=0.27..18212.99 rows=59331 width=33) (actual time=0.042..11.332 rows=1052 loops=1)
                          ->  Seq Scan on cs_1 c0_3  (cost=0.00..143.99 rows=5999 width=32) (actual time=0.018..0.738 rows=5999 loops=1)
                                Filter: (p_0 IS NOT NULL)
                          ->  Index Scan using cs_5_s on cs_5 c2_3  (cost=0.27..2.91 rows=10 width=29) (actual time=0.001..0.001 rows=0 loops=5999)
                                Index Cond: (s = ANY (c0_3.p_16))
                                Filter: ((p_0 IS NOT NULL) AND (p_5 IS NOT NULL))
                    ->  Materialize  (cost=0.00..1.22 rows=15 width=4) (actual time=0.000..0.001 rows=15 loops=1052)
                          ->  Seq Scan on cs_7 c1_3  (cost=0.00..1.15 rows=15 width=4) (actual time=0.008..0.010 rows=15 loops=1)
                                Filter: ((p_0 IS NOT NULL) AND (p_3 IS NOT NULL))
Planning Time: 10.389 ms
Execution Time: 58.680 ms

Q6SPARQL:	PREFIX rdf: <http://www.w3.org/1999/02/22-rdf-syntax-ns#> PREFIX ub: <http://swat.cse.lehigh.edu/onto/univ-bench.owl#> SELECT DISTINCT ?s1 ?pub ?dept WHERE { ?s1 rdf:type ?studentType . ?s1 ub:undergraduateDegreeFrom ?uguni . ?s1 ub:memberOf ?dept . ?dept rdf:type ?deptType . ?dept ub:subOrganizationOf ?sub . ?pub rdf:type ?pubtype . ?pub ub:publicationAuthor ?s1 . }
Q6:	PlanTime	10.389ms	ExecTime	58.68ms	TotalTime	69.069ms



